<?xml version="1.0" encoding="UTF-8"?>
<!-- Generated by org.testng.reporters.JUnitXMLReporter -->
<testsuite hostname="LT-ECOM-2F068" ignored="0" name="Command line test" tests="4" failures="0" timestamp="12 Jun 2018 11:53:21 GMT" time="0.048" errors="0">
  <testcase name="hello" time="0.012" classname="testDemo.DemoTest"/>
  <testcase name="hello" time="0.0" classname="testDemo.DemoOneTest"/>
  <testcase name="hello" time="0.001" classname="testDemo.DemoTwoTest"/>
  <testcase name="hello" time="0.0" classname="testDemo.DemoThreeTest"/>
</testsuite> <!-- Command line test -->
