<?xml version="1.0" encoding="UTF-8"?>
<testng-results skipped="0" failed="0" ignored="0" total="4" passed="4">
  <reporter-output>
  </reporter-output>
  <suite name="Command line suite" duration-ms="48" started-at="2018-06-12T11:53:21Z" finished-at="2018-06-12T11:53:21Z">
    <groups>
    </groups>
    <test name="Command line test" duration-ms="48" started-at="2018-06-12T11:53:21Z" finished-at="2018-06-12T11:53:21Z">
      <class name="testDemo.DemoTwoTest">
        <test-method status="PASS" signature="hello()[pri:2, instance:testDemo.DemoTwoTest@4563e9ab]" name="hello" duration-ms="1" started-at="2018-06-12T17:23:21Z" finished-at="2018-06-12T17:23:21Z">
          <reporter-output>
          </reporter-output>
        </test-method> <!-- hello -->
      </class> <!-- testDemo.DemoTwoTest -->
      <class name="testDemo.DemoTest">
        <test-method status="PASS" signature="hello()[pri:0, instance:testDemo.DemoTest@71c7db30]" name="hello" duration-ms="12" started-at="2018-06-12T17:23:21Z" finished-at="2018-06-12T17:23:21Z">
          <reporter-output>
          </reporter-output>
        </test-method> <!-- hello -->
      </class> <!-- testDemo.DemoTest -->
      <class name="testDemo.DemoOneTest">
        <test-method status="PASS" signature="hello()[pri:1, instance:testDemo.DemoOneTest@3c5a99da]" name="hello" duration-ms="0" started-at="2018-06-12T17:23:21Z" finished-at="2018-06-12T17:23:21Z">
          <reporter-output>
          </reporter-output>
        </test-method> <!-- hello -->
      </class> <!-- testDemo.DemoOneTest -->
      <class name="testDemo.DemoThreeTest">
        <test-method status="PASS" signature="hello()[pri:3, instance:testDemo.DemoThreeTest@19bb089b]" name="hello" duration-ms="0" started-at="2018-06-12T17:23:21Z" finished-at="2018-06-12T17:23:21Z">
          <reporter-output>
          </reporter-output>
        </test-method> <!-- hello -->
      </class> <!-- testDemo.DemoThreeTest -->
    </test> <!-- Command line test -->
  </suite> <!-- Command line suite -->
</testng-results>
