<?xml version="1.0" encoding="UTF-8"?>
<testng-results skipped="0" failed="0" ignored="0" total="1" passed="1">
  <reporter-output>
  </reporter-output>
  <suite name="Default suite" duration-ms="57" started-at="2018-06-12T09:15:32Z" finished-at="2018-06-12T09:15:32Z">
    <groups>
    </groups>
    <test name="Default test" duration-ms="57" started-at="2018-06-12T09:15:32Z" finished-at="2018-06-12T09:15:32Z">
      <class name="testDemo.DemoTest">
        <test-method status="PASS" signature="hello()[pri:0, instance:testDemo.DemoTest@7f560810]" name="hello" duration-ms="19" started-at="2018-06-12T14:45:32Z" finished-at="2018-06-12T14:45:32Z">
          <reporter-output>
          </reporter-output>
        </test-method> <!-- hello -->
      </class> <!-- testDemo.DemoTest -->
    </test> <!-- Default test -->
  </suite> <!-- Default suite -->
</testng-results>
